<?xml version="1.0" encoding="UTF-8"?>
<!-- Generated by org.testng.reporters.JUnitReportReporter -->
<testsuite hostname="SK11Q" failures="0" tests="1" name="com.orangehrmlive.demo.testsuite.LoginTest" time="5.102" errors="0" timestamp="2023-12-12T22:11:56 GMT" skipped="0">
  <testcase classname="com.orangehrmlive.demo.testsuite.LoginTest" name="verifyThatTheLogoDisplayedOnLoginPage" time="5.102"/>
</testsuite> <!-- com.orangehrmlive.demo.testsuite.LoginTest -->
